<?xml version="1.0" encoding="UTF-8"?>
<coverage generated="1776506604830" clover="3.2.0">
  <project timestamp="1776506604830" name="All files">
    <metrics statements="130" coveredstatements="95" conditionals="71" coveredconditionals="43" methods="23" coveredmethods="18" elements="224" coveredelements="156" complexity="0" loc="130" ncloc="130" packages="3" files="3" classes="3"/>
    <package name="lib">
      <metrics statements="16" coveredstatements="13" conditionals="12" coveredconditionals="5" methods="2" coveredmethods="2"/>
      <file name="env.ts" path="/home/cj/pdc-v2/apps/api/src/lib/env.ts">
        <metrics statements="16" coveredstatements="13" conditionals="12" coveredconditionals="5" methods="2" coveredmethods="2"/>
        <line num="4" count="1" type="stmt"/>
        <line num="6" count="1" type="stmt"/>
        <line num="74" count="1" type="stmt"/>
        <line num="75" count="1" type="stmt"/>
        <line num="77" count="1" type="cond" truecount="1" falsecount="1"/>
        <line num="78" count="3" type="stmt"/>
        <line num="79" count="1" type="stmt"/>
        <line num="80" count="1" type="cond" truecount="1" falsecount="1"/>
        <line num="81" count="0" type="stmt"/>
        <line num="84" count="1" type="stmt"/>
        <line num="88" count="1" type="stmt"/>
        <line num="90" count="1" type="cond" truecount="1" falsecount="1"/>
        <line num="91" count="0" type="cond" truecount="0" falsecount="2"/>
        <line num="93" count="1" type="cond" truecount="2" falsecount="2"/>
        <line num="94" count="1" type="stmt"/>
        <line num="96" count="0" type="stmt"/>
      </file>
    </package>
    <package name="modules.conquistas">
      <metrics statements="43" coveredstatements="40" conditionals="16" coveredconditionals="14" methods="8" coveredmethods="8"/>
      <file name="conquistas.engine.ts" path="/home/cj/pdc-v2/apps/api/src/modules/conquistas/conquistas.engine.ts">
        <metrics statements="43" coveredstatements="40" conditionals="16" coveredconditionals="14" methods="8" coveredmethods="8"/>
        <line num="5" count="1" type="stmt"/>
        <line num="31" count="14" type="stmt"/>
        <line num="32" count="14" type="stmt"/>
        <line num="37" count="14" type="cond" truecount="2" falsecount="0"/>
        <line num="39" count="0" type="stmt"/>
        <line num="44" count="8" type="stmt"/>
        <line num="45" count="8" type="stmt"/>
        <line num="46" count="8" type="cond" truecount="2" falsecount="0"/>
        <line num="48" count="7" type="stmt"/>
        <line num="53" count="7" type="stmt"/>
        <line num="55" count="0" type="stmt"/>
        <line num="73" count="12" type="stmt"/>
        <line num="74" count="8" type="stmt"/>
        <line num="75" count="8" type="stmt"/>
        <line num="81" count="1" type="stmt"/>
        <line num="181" count="9" type="stmt"/>
        <line num="182" count="9" type="stmt"/>
        <line num="187" count="8" type="stmt"/>
        <line num="189" count="1" type="stmt"/>
        <line num="199" count="6" type="stmt"/>
        <line num="214" count="6" type="stmt"/>
        <line num="215" count="6" type="stmt"/>
        <line num="217" count="6" type="cond" truecount="3" falsecount="1"/>
        <line num="218" count="6" type="stmt"/>
        <line num="219" count="6" type="stmt"/>
        <line num="225" count="1" type="stmt"/>
        <line num="241" count="11" type="stmt"/>
        <line num="242" count="11" type="stmt"/>
        <line num="243" count="10" type="cond" truecount="2" falsecount="0"/>
        <line num="245" count="1" type="stmt"/>
        <line num="248" count="108" type="stmt"/>
        <line num="249" count="9" type="cond" truecount="1" falsecount="1"/>
        <line num="251" count="9" type="stmt"/>
        <line num="253" count="9" type="stmt"/>
        <line num="254" count="9" type="stmt"/>
        <line num="256" count="9" type="cond" truecount="2" falsecount="0"/>
        <line num="259" count="8" type="stmt"/>
        <line num="260" count="8" type="cond" truecount="2" falsecount="0"/>
        <line num="263" count="6" type="stmt"/>
        <line num="264" count="6" type="stmt"/>
        <line num="270" count="6" type="stmt"/>
        <line num="272" count="0" type="stmt"/>
        <line num="276" count="9" type="stmt"/>
      </file>
    </package>
    <package name="modules.strapi">
      <metrics statements="71" coveredstatements="42" conditionals="43" coveredconditionals="24" methods="13" coveredmethods="8"/>
      <file name="strapi.client.ts" path="/home/cj/pdc-v2/apps/api/src/modules/strapi/strapi.client.ts">
        <metrics statements="71" coveredstatements="42" conditionals="43" coveredconditionals="24" methods="13" coveredmethods="8"/>
        <line num="4" count="1" type="stmt"/>
        <line num="6" count="1" type="stmt"/>
        <line num="7" count="1" type="stmt"/>
        <line num="11" count="2" type="stmt"/>
        <line num="12" count="2" type="cond" truecount="2" falsecount="2"/>
        <line num="13" count="0" type="stmt"/>
        <line num="14" count="0" type="cond" truecount="0" falsecount="4"/>
        <line num="15" count="0" type="stmt"/>
        <line num="16" count="0" type="stmt"/>
        <line num="18" count="0" type="stmt"/>
        <line num="21" count="1" type="stmt"/>
        <line num="22" count="1" type="stmt"/>
        <line num="23" count="1" type="stmt"/>
        <line num="24" count="1" type="stmt"/>
        <line num="31" count="40" type="cond" truecount="3" falsecount="1"/>
        <line num="33" count="40" type="stmt"/>
        <line num="34" count="40" type="stmt"/>
        <line num="36" count="40" type="cond" truecount="1" falsecount="1"/>
        <line num="38" count="40" type="cond" truecount="2" falsecount="0"/>
        <line num="39" count="29" type="stmt"/>
        <line num="40" count="13" type="cond" truecount="4" falsecount="1"/>
        <line num="41" count="0" type="stmt"/>
        <line num="42" count="0" type="stmt"/>
        <line num="47" count="13" type="stmt"/>
        <line num="49" count="11" type="cond" truecount="3" falsecount="1"/>
        <line num="50" count="0" type="stmt"/>
        <line num="51" count="0" type="stmt"/>
        <line num="54" count="40" type="stmt"/>
        <line num="58" count="42" type="stmt"/>
        <line num="65" count="42" type="stmt"/>
        <line num="66" count="42" type="stmt"/>
        <line num="67" count="42" type="stmt"/>
        <line num="68" count="42" type="stmt"/>
        <line num="69" count="42" type="stmt"/>
        <line num="74" count="42" type="stmt"/>
        <line num="75" count="42" type="stmt"/>
        <line num="76" count="42" type="stmt"/>
        <line num="78" count="0" type="stmt"/>
        <line num="79" count="0" type="cond" truecount="0" falsecount="2"/>
        <line num="80" count="0" type="stmt"/>
        <line num="81" count="0" type="stmt"/>
        <line num="82" count="0" type="stmt"/>
        <line num="86" count="0" type="stmt"/>
        <line num="93" count="30" type="stmt"/>
        <line num="94" count="30" type="cond" truecount="1" falsecount="1"/>
        <line num="95" count="30" type="stmt"/>
        <line num="96" count="90" type="stmt"/>
        <line num="99" count="30" type="stmt"/>
        <line num="100" count="30" type="cond" truecount="2" falsecount="0"/>
        <line num="101" count="1" type="stmt"/>
        <line num="103" count="29" type="stmt"/>
        <line num="104" count="29" type="stmt"/>
        <line num="108" count="12" type="stmt"/>
        <line num="113" count="12" type="cond" truecount="2" falsecount="0"/>
        <line num="114" count="1" type="stmt"/>
        <line num="116" count="11" type="stmt"/>
        <line num="117" count="11" type="stmt"/>
        <line num="121" count="0" type="stmt"/>
        <line num="126" count="0" type="cond" truecount="0" falsecount="2"/>
        <line num="127" count="0" type="stmt"/>
        <line num="129" count="0" type="stmt"/>
        <line num="130" count="0" type="stmt"/>
        <line num="134" count="0" type="stmt"/>
        <line num="138" count="0" type="cond" truecount="0" falsecount="2"/>
        <line num="139" count="0" type="stmt"/>
        <line num="141" count="0" type="stmt"/>
        <line num="142" count="0" type="stmt"/>
        <line num="147" count="0" type="stmt"/>
        <line num="152" count="0" type="cond" truecount="0" falsecount="2"/>
        <line num="153" count="0" type="stmt"/>
        <line num="155" count="0" type="stmt"/>
      </file>
    </package>
  </project>
</coverage>
