{"/home/cj/pdc-v2/apps/api/src/lib/env.ts": {"path":"/home/cj/pdc-v2/apps/api/src/lib/env.ts","statementMap":{"0":{"start":{"line":4,"column":6},"end":{"line":4,"column":43}},"1":{"start":{"line":6,"column":18},"end":{"line":69,"column":2}},"2":{"start":{"line":74,"column":2},"end":{"line":84,"column":null}},"3":{"start":{"line":75,"column":4},"end":{"line":75,"column":null}},"4":{"start":{"line":77,"column":4},"end":{"line":81,"column":null}},"5":{"start":{"line":78,"column":22},"end":{"line":78,"column":72}},"6":{"start":{"line":78,"column":44},"end":{"line":78,"column":60}},"7":{"start":{"line":79,"column":6},"end":{"line":79,"column":null}},"8":{"start":{"line":80,"column":6},"end":{"line":81,"column":null}},"9":{"start":{"line":81,"column":8},"end":{"line":81,"column":null}},"10":{"start":{"line":84,"column":4},"end":{"line":84,"column":null}},"11":{"start":{"line":88,"column":19},"end":{"line":88,"column":32}},"12":{"start":{"line":90,"column":0},"end":{"line":96,"column":null}},"13":{"start":{"line":91,"column":2},"end":{"line":91,"column":null}},"14":{"start":{"line":91,"column":23},"end":{"line":91,"column":null}},"15":{"start":{"line":93,"column":2},"end":{"line":96,"column":null}},"16":{"start":{"line":94,"column":4},"end":{"line":94,"column":null}},"17":{"start":{"line":96,"column":4},"end":{"line":96,"column":null}}},"fnMap":{"0":{"name":"validateEnv","decl":{"start":{"line":73,"column":9},"end":{"line":73,"column":28}},"loc":{"start":{"line":73,"column":28},"end":{"line":84,"column":null}},"line":73},"1":{"name":"(anonymous_1)","decl":{"start":{"line":78,"column":33},"end":{"line":78,"column":38}},"loc":{"start":{"line":78,"column":44},"end":{"line":78,"column":60}},"line":78}},"branchMap":{"0":{"loc":{"start":{"line":77,"column":4},"end":{"line":81,"column":null}},"type":"if","locations":[{"start":{"line":77,"column":4},"end":{"line":81,"column":null}},{"start":{},"end":{}}],"line":77},"1":{"loc":{"start":{"line":80,"column":6},"end":{"line":81,"column":null}},"type":"if","locations":[{"start":{"line":80,"column":6},"end":{"line":81,"column":null}},{"start":{},"end":{}}],"line":80},"2":{"loc":{"start":{"line":90,"column":0},"end":{"line":96,"column":null}},"type":"if","locations":[{"start":{"line":90,"column":0},"end":{"line":96,"column":null}},{"start":{"line":92,"column":7},"end":{"line":96,"column":null}}],"line":90},"3":{"loc":{"start":{"line":91,"column":2},"end":{"line":91,"column":null}},"type":"if","locations":[{"start":{"line":91,"column":2},"end":{"line":91,"column":null}},{"start":{},"end":{}}],"line":91},"4":{"loc":{"start":{"line":93,"column":2},"end":{"line":96,"column":null}},"type":"if","locations":[{"start":{"line":93,"column":2},"end":{"line":96,"column":null}},{"start":{"line":95,"column":9},"end":{"line":96,"column":null}}],"line":93},"5":{"loc":{"start":{"line":93,"column":6},"end":{"line":93,"column":68}},"type":"binary-expr","locations":[{"start":{"line":93,"column":6},"end":{"line":93,"column":37}},{"start":{"line":93,"column":37},"end":{"line":93,"column":68}}],"line":93}},"s":{"0":1,"1":1,"2":1,"3":1,"4":1,"5":1,"6":3,"7":1,"8":1,"9":0,"10":1,"11":1,"12":1,"13":0,"14":0,"15":1,"16":1,"17":0},"f":{"0":1,"1":3},"b":{"0":[1,0],"1":[0,1],"2":[0,1],"3":[0,0],"4":[1,0],"5":[1,0]},"meta":{"lastBranch":6,"lastFunction":2,"lastStatement":18,"seen":{"s:4:6:4:43":0,"s:6:18:69:2":1,"f:73:9:73:28":0,"s:74:2:84:Infinity":2,"s:75:4:75:Infinity":3,"b:77:4:81:Infinity:undefined:undefined:undefined:undefined":0,"s:77:4:81:Infinity":4,"s:78:22:78:72":5,"f:78:33:78:38":1,"s:78:44:78:60":6,"s:79:6:79:Infinity":7,"b:80:6:81:Infinity:undefined:undefined:undefined:undefined":1,"s:80:6:81:Infinity":8,"s:81:8:81:Infinity":9,"s:84:4:84:Infinity":10,"s:88:19:88:32":11,"b:90:0:96:Infinity:92:7:96:Infinity":2,"s:90:0:96:Infinity":12,"b:91:2:91:Infinity:undefined:undefined:undefined:undefined":3,"s:91:2:91:Infinity":13,"s:91:23:91:Infinity":14,"b:93:2:96:Infinity:95:9:96:Infinity":4,"s:93:2:96:Infinity":15,"b:93:6:93:37:93:37:93:68":5,"s:94:4:94:Infinity":16,"s:96:4:96:Infinity":17}}}
,"/home/cj/pdc-v2/apps/api/src/modules/conquistas/conquistas.engine.ts": {"path":"/home/cj/pdc-v2/apps/api/src/modules/conquistas/conquistas.engine.ts","statementMap":{"0":{"start":{"line":5,"column":6},"end":{"line":5,"column":47}},"1":{"start":{"line":31,"column":2},"end":{"line":39,"column":null}},"2":{"start":{"line":32,"column":16},"end":{"line":36,"column":6}},"3":{"start":{"line":37,"column":4},"end":{"line":37,"column":null}},"4":{"start":{"line":39,"column":4},"end":{"line":39,"column":null}},"5":{"start":{"line":44,"column":2},"end":{"line":55,"column":null}},"6":{"start":{"line":45,"column":21},"end":{"line":45,"column":46}},"7":{"start":{"line":46,"column":4},"end":{"line":46,"column":null}},"8":{"start":{"line":46,"column":19},"end":{"line":46,"column":null}},"9":{"start":{"line":48,"column":16},"end":{"line":52,"column":6}},"10":{"start":{"line":53,"column":4},"end":{"line":53,"column":null}},"11":{"start":{"line":55,"column":4},"end":{"line":55,"column":null}},"12":{"start":{"line":73,"column":2},"end":{"line":75,"column":null}},"13":{"start":{"line":74,"column":18},"end":{"line":74,"column":53}},"14":{"start":{"line":75,"column":4},"end":{"line":75,"column":null}},"15":{"start":{"line":81,"column":48},"end":{"line":166,"column":null}},"16":{"start":{"line":181,"column":2},"end":{"line":189,"column":null}},"17":{"start":{"line":182,"column":16},"end":{"line":186,"column":6}},"18":{"start":{"line":187,"column":4},"end":{"line":187,"column":null}},"19":{"start":{"line":189,"column":4},"end":{"line":189,"column":null}},"20":{"start":{"line":199,"column":23},"end":{"line":210,"column":null}},"21":{"start":{"line":214,"column":22},"end":{"line":214,"column":null}},"22":{"start":{"line":215,"column":19},"end":{"line":215,"column":44}},"23":{"start":{"line":217,"column":2},"end":{"line":225,"column":null}},"24":{"start":{"line":218,"column":4},"end":{"line":225,"column":null}},"25":{"start":{"line":219,"column":6},"end":{"line":223,"column":null}},"26":{"start":{"line":225,"column":6},"end":{"line":225,"column":null}},"27":{"start":{"line":241,"column":2},"end":{"line":245,"column":null}},"28":{"start":{"line":242,"column":18},"end":{"line":242,"column":62}},"29":{"start":{"line":243,"column":4},"end":{"line":243,"column":null}},"30":{"start":{"line":243,"column":37},"end":{"line":243,"column":null}},"31":{"start":{"line":245,"column":4},"end":{"line":245,"column":null}},"32":{"start":{"line":248,"column":24},"end":{"line":248,"column":66}},"33":{"start":{"line":248,"column":45},"end":{"line":248,"column":66}},"34":{"start":{"line":249,"column":2},"end":{"line":249,"column":null}},"35":{"start":{"line":249,"column":34},"end":{"line":249,"column":null}},"36":{"start":{"line":251,"column":40},"end":{"line":251,"column":42}},"37":{"start":{"line":253,"column":2},"end":{"line":272,"column":null}},"38":{"start":{"line":254,"column":4},"end":{"line":272,"column":null}},"39":{"start":{"line":256,"column":6},"end":{"line":256,"column":null}},"40":{"start":{"line":256,"column":54},"end":{"line":256,"column":null}},"41":{"start":{"line":259,"column":21},"end":{"line":259,"column":61}},"42":{"start":{"line":260,"column":6},"end":{"line":260,"column":null}},"43":{"start":{"line":260,"column":19},"end":{"line":260,"column":null}},"44":{"start":{"line":263,"column":6},"end":{"line":263,"column":null}},"45":{"start":{"line":264,"column":6},"end":{"line":268,"column":null}},"46":{"start":{"line":270,"column":6},"end":{"line":270,"column":null}},"47":{"start":{"line":272,"column":6},"end":{"line":272,"column":null}},"48":{"start":{"line":276,"column":2},"end":{"line":276,"column":null}}},"fnMap":{"0":{"name":"getPerfilId","decl":{"start":{"line":30,"column":15},"end":{"line":30,"column":27}},"loc":{"start":{"line":30,"column":67},"end":{"line":39,"column":null}},"line":30},"1":{"name":"countTelemetria","decl":{"start":{"line":43,"column":15},"end":{"line":43,"column":31}},"loc":{"start":{"line":43,"column":78},"end":{"line":55,"column":null}},"line":43},"2":{"name":"thresholdCondition","decl":{"start":{"line":69,"column":9},"end":{"line":69,"column":null}},"loc":{"start":{"line":72,"column":40},"end":{"line":75,"column":null}},"line":72},"3":{"name":"(anonymous_3)","decl":{"start":{"line":73,"column":9},"end":{"line":73,"column":16}},"loc":{"start":{"line":73,"column":27},"end":{"line":75,"column":null}},"line":73},"4":{"name":"isAlreadyUnlocked","decl":{"start":{"line":180,"column":15},"end":{"line":180,"column":33}},"loc":{"start":{"line":180,"column":81},"end":{"line":189,"column":null}},"line":180},"5":{"name":"unlock","decl":{"start":{"line":197,"column":15},"end":{"line":197,"column":22}},"loc":{"start":{"line":197,"column":74},"end":{"line":225,"column":null}},"line":197},"6":{"name":"verificarConquistas","decl":{"start":{"line":235,"column":22},"end":{"line":235,"column":null}},"loc":{"start":{"line":239,"column":32},"end":{"line":276,"column":null}},"line":239},"7":{"name":"(anonymous_7)","decl":{"start":{"line":248,"column":31},"end":{"line":248,"column":39}},"loc":{"start":{"line":248,"column":45},"end":{"line":248,"column":66}},"line":248}},"branchMap":{"0":{"loc":{"start":{"line":37,"column":11},"end":{"line":37,"column":null}},"type":"binary-expr","locations":[{"start":{"line":37,"column":11},"end":{"line":37,"column":30}},{"start":{"line":37,"column":30},"end":{"line":37,"column":null}}],"line":37},"1":{"loc":{"start":{"line":46,"column":4},"end":{"line":46,"column":null}},"type":"if","locations":[{"start":{"line":46,"column":4},"end":{"line":46,"column":null}},{"start":{},"end":{}}],"line":46},"2":{"loc":{"start":{"line":217,"column":2},"end":{"line":225,"column":null}},"type":"if","locations":[{"start":{"line":217,"column":2},"end":{"line":225,"column":null}},{"start":{},"end":{}}],"line":217},"3":{"loc":{"start":{"line":217,"column":6},"end":{"line":217,"column":31}},"type":"binary-expr","locations":[{"start":{"line":217,"column":6},"end":{"line":217,"column":21}},{"start":{"line":217,"column":21},"end":{"line":217,"column":31}}],"line":217},"4":{"loc":{"start":{"line":243,"column":4},"end":{"line":243,"column":null}},"type":"if","locations":[{"start":{"line":243,"column":4},"end":{"line":243,"column":null}},{"start":{},"end":{}}],"line":243},"5":{"loc":{"start":{"line":249,"column":2},"end":{"line":249,"column":null}},"type":"if","locations":[{"start":{"line":249,"column":2},"end":{"line":249,"column":null}},{"start":{},"end":{}}],"line":249},"6":{"loc":{"start":{"line":256,"column":6},"end":{"line":256,"column":null}},"type":"if","locations":[{"start":{"line":256,"column":6},"end":{"line":256,"column":null}},{"start":{},"end":{}}],"line":256},"7":{"loc":{"start":{"line":260,"column":6},"end":{"line":260,"column":null}},"type":"if","locations":[{"start":{"line":260,"column":6},"end":{"line":260,"column":null}},{"start":{},"end":{}}],"line":260}},"s":{"0":1,"1":14,"2":14,"3":14,"4":0,"5":8,"6":8,"7":8,"8":1,"9":7,"10":7,"11":0,"12":12,"13":8,"14":8,"15":1,"16":9,"17":9,"18":8,"19":1,"20":6,"21":6,"22":6,"23":6,"24":6,"25":6,"26":1,"27":11,"28":11,"29":10,"30":1,"31":1,"32":9,"33":108,"34":9,"35":0,"36":9,"37":9,"38":9,"39":9,"40":1,"41":8,"42":8,"43":2,"44":6,"45":6,"46":6,"47":0,"48":9},"f":{"0":14,"1":8,"2":12,"3":8,"4":9,"5":6,"6":11,"7":108},"b":{"0":[14,1],"1":[1,7],"2":[6,0],"3":[6,6],"4":[1,9],"5":[0,9],"6":[1,8],"7":[2,6]},"meta":{"lastBranch":8,"lastFunction":8,"lastStatement":49,"seen":{"s:5:6:5:47":0,"f:30:15:30:27":0,"s:31:2:39:Infinity":1,"s:32:16:36:6":2,"s:37:4:37:Infinity":3,"b:37:11:37:30:37:30:37:Infinity":0,"s:39:4:39:Infinity":4,"f:43:15:43:31":1,"s:44:2:55:Infinity":5,"s:45:21:45:46":6,"b:46:4:46:Infinity:undefined:undefined:undefined:undefined":1,"s:46:4:46:Infinity":7,"s:46:19:46:Infinity":8,"s:48:16:52:6":9,"s:53:4:53:Infinity":10,"s:55:4:55:Infinity":11,"f:69:9:69:Infinity":2,"s:73:2:75:Infinity":12,"f:73:9:73:16":3,"s:74:18:74:53":13,"s:75:4:75:Infinity":14,"s:81:48:166:Infinity":15,"f:180:15:180:33":4,"s:181:2:189:Infinity":16,"s:182:16:186:6":17,"s:187:4:187:Infinity":18,"s:189:4:189:Infinity":19,"f:197:15:197:22":5,"s:199:23:210:Infinity":20,"s:214:22:214:Infinity":21,"s:215:19:215:44":22,"b:217:2:225:Infinity:undefined:undefined:undefined:undefined":2,"s:217:2:225:Infinity":23,"b:217:6:217:21:217:21:217:31":3,"s:218:4:225:Infinity":24,"s:219:6:223:Infinity":25,"s:225:6:225:Infinity":26,"f:235:22:235:Infinity":6,"s:241:2:245:Infinity":27,"s:242:18:242:62":28,"b:243:4:243:Infinity:undefined:undefined:undefined:undefined":4,"s:243:4:243:Infinity":29,"s:243:37:243:Infinity":30,"s:245:4:245:Infinity":31,"s:248:24:248:66":32,"f:248:31:248:39":7,"s:248:45:248:66":33,"b:249:2:249:Infinity:undefined:undefined:undefined:undefined":5,"s:249:2:249:Infinity":34,"s:249:34:249:Infinity":35,"s:251:40:251:42":36,"s:253:2:272:Infinity":37,"s:254:4:272:Infinity":38,"b:256:6:256:Infinity:undefined:undefined:undefined:undefined":6,"s:256:6:256:Infinity":39,"s:256:54:256:Infinity":40,"s:259:21:259:61":41,"b:260:6:260:Infinity:undefined:undefined:undefined:undefined":7,"s:260:6:260:Infinity":42,"s:260:19:260:Infinity":43,"s:263:6:263:Infinity":44,"s:264:6:268:Infinity":45,"s:270:6:270:Infinity":46,"s:272:6:272:Infinity":47,"s:276:2:276:Infinity":48}}}
,"/home/cj/pdc-v2/apps/api/src/modules/strapi/strapi.client.ts": {"path":"/home/cj/pdc-v2/apps/api/src/modules/strapi/strapi.client.ts","statementMap":{"0":{"start":{"line":4,"column":6},"end":{"line":4,"column":43}},"1":{"start":{"line":6,"column":19},"end":{"line":6,"column":null}},"2":{"start":{"line":7,"column":25},"end":{"line":7,"column":null}},"3":{"start":{"line":11,"column":14},"end":{"line":11,"column":null}},"4":{"start":{"line":12,"column":2},"end":{"line":12,"column":null}},"5":{"start":{"line":12,"column":46},"end":{"line":12,"column":null}},"6":{"start":{"line":13,"column":17},"end":{"line":13,"column":34}},"7":{"start":{"line":14,"column":2},"end":{"line":16,"column":null}},"8":{"start":{"line":15,"column":4},"end":{"line":15,"column":null}},"9":{"start":{"line":16,"column":4},"end":{"line":16,"column":null}},"10":{"start":{"line":18,"column":2},"end":{"line":18,"column":null}},"11":{"start":{"line":21,"column":16},"end":{"line":21,"column":55}},"12":{"start":{"line":22,"column":22},"end":{"line":22,"column":68}},"13":{"start":{"line":23,"column":20},"end":{"line":23,"column":null}},"14":{"start":{"line":24,"column":19},"end":{"line":24,"column":null}},"15":{"start":{"line":31,"column":2},"end":{"line":31,"column":null}},"16":{"start":{"line":31,"column":56},"end":{"line":31,"column":null}},"17":{"start":{"line":33,"column":14},"end":{"line":33,"column":null}},"18":{"start":{"line":34,"column":15},"end":{"line":34,"column":null}},"19":{"start":{"line":36,"column":2},"end":{"line":36,"column":null}},"20":{"start":{"line":36,"column":20},"end":{"line":36,"column":null}},"21":{"start":{"line":38,"column":2},"end":{"line":51,"column":null}},"22":{"start":{"line":39,"column":4},"end":{"line":48,"column":null}},"23":{"start":{"line":40,"column":6},"end":{"line":45,"column":null}},"24":{"start":{"line":41,"column":22},"end":{"line":41,"column":null}},"25":{"start":{"line":42,"column":8},"end":{"line":45,"column":null}},"26":{"start":{"line":47,"column":6},"end":{"line":47,"column":null}},"27":{"start":{"line":49,"column":13},"end":{"line":51,"column":null}},"28":{"start":{"line":50,"column":18},"end":{"line":50,"column":null}},"29":{"start":{"line":51,"column":4},"end":{"line":51,"column":null}},"30":{"start":{"line":54,"column":2},"end":{"line":54,"column":null}},"31":{"start":{"line":58,"column":2},"end":{"line":61,"column":null}},"32":{"start":{"line":65,"column":21},"end":{"line":65,"column":42}},"33":{"start":{"line":66,"column":13},"end":{"line":66,"column":63}},"34":{"start":{"line":66,"column":32},"end":{"line":66,"column":55}},"35":{"start":{"line":67,"column":19},"end":{"line":67,"column":78}},"36":{"start":{"line":68,"column":2},"end":{"line":68,"column":null}},"37":{"start":{"line":69,"column":2},"end":{"line":69,"column":null}},"38":{"start":{"line":74,"column":2},"end":{"line":82,"column":null}},"39":{"start":{"line":74,"column":21},"end":{"line":74,"column":24}},"40":{"start":{"line":75,"column":4},"end":{"line":82,"column":null}},"41":{"start":{"line":76,"column":6},"end":{"line":76,"column":null}},"42":{"start":{"line":78,"column":6},"end":{"line":78,"column":null}},"43":{"start":{"line":79,"column":6},"end":{"line":82,"column":null}},"44":{"start":{"line":80,"column":22},"end":{"line":80,"column":55}},"45":{"start":{"line":81,"column":8},"end":{"line":81,"column":null}},"46":{"start":{"line":81,"column":33},"end":{"line":81,"column":57}},"47":{"start":{"line":82,"column":8},"end":{"line":82,"column":null}},"48":{"start":{"line":86,"column":2},"end":{"line":86,"column":null}},"49":{"start":{"line":93,"column":14},"end":{"line":93,"column":49}},"50":{"start":{"line":94,"column":2},"end":{"line":96,"column":null}},"51":{"start":{"line":95,"column":4},"end":{"line":96,"column":null}},"52":{"start":{"line":96,"column":6},"end":{"line":96,"column":null}},"53":{"start":{"line":99,"column":14},"end":{"line":99,"column":88}},"54":{"start":{"line":100,"column":2},"end":{"line":101,"column":null}},"55":{"start":{"line":101,"column":4},"end":{"line":101,"column":null}},"56":{"start":{"line":103,"column":16},"end":{"line":103,"column":32}},"57":{"start":{"line":104,"column":2},"end":{"line":104,"column":null}},"58":{"start":{"line":108,"column":14},"end":{"line":112,"column":19}},"59":{"start":{"line":113,"column":2},"end":{"line":114,"column":null}},"60":{"start":{"line":114,"column":4},"end":{"line":114,"column":null}},"61":{"start":{"line":116,"column":16},"end":{"line":116,"column":32}},"62":{"start":{"line":117,"column":2},"end":{"line":117,"column":null}},"63":{"start":{"line":121,"column":14},"end":{"line":125,"column":19}},"64":{"start":{"line":126,"column":2},"end":{"line":127,"column":null}},"65":{"start":{"line":127,"column":4},"end":{"line":127,"column":null}},"66":{"start":{"line":129,"column":16},"end":{"line":129,"column":32}},"67":{"start":{"line":130,"column":2},"end":{"line":130,"column":null}},"68":{"start":{"line":134,"column":14},"end":{"line":137,"column":19}},"69":{"start":{"line":138,"column":2},"end":{"line":139,"column":null}},"70":{"start":{"line":139,"column":4},"end":{"line":139,"column":null}},"71":{"start":{"line":141,"column":16},"end":{"line":141,"column":32}},"72":{"start":{"line":142,"column":2},"end":{"line":142,"column":null}},"73":{"start":{"line":147,"column":14},"end":{"line":151,"column":19}},"74":{"start":{"line":152,"column":2},"end":{"line":153,"column":null}},"75":{"start":{"line":153,"column":4},"end":{"line":153,"column":null}},"76":{"start":{"line":155,"column":2},"end":{"line":155,"column":null}}},"fnMap":{"0":{"name":"parseTimeoutEnv","decl":{"start":{"line":9,"column":9},"end":{"line":9,"column":25}},"loc":{"start":{"line":9,"column":68},"end":{"line":18,"column":null}},"line":9},"1":{"name":"normalize","decl":{"start":{"line":30,"column":9},"end":{"line":30,"column":22}},"loc":{"start":{"line":30,"column":38},"end":{"line":54,"column":null}},"line":30},"2":{"name":"(anonymous_2)","decl":{"start":{"line":39,"column":23},"end":{"line":39,"column":28}},"loc":{"start":{"line":39,"column":46},"end":{"line":48,"column":null}},"line":39},"3":{"name":"buildHeaders","decl":{"start":{"line":57,"column":9},"end":{"line":57,"column":48}},"loc":{"start":{"line":57,"column":48},"end":{"line":61,"column":null}},"line":57},"4":{"name":"fetchWithTimeout","decl":{"start":{"line":64,"column":15},"end":{"line":64,"column":32}},"loc":{"start":{"line":64,"column":110},"end":{"line":69,"column":null}},"line":64},"5":{"name":"(anonymous_5)","decl":{"start":{"line":66,"column":13},"end":{"line":66,"column":30}},"loc":{"start":{"line":66,"column":30},"end":{"line":66,"column":63}},"line":66},"6":{"name":"fetchWithRetry","decl":{"start":{"line":72,"column":15},"end":{"line":72,"column":30}},"loc":{"start":{"line":72,"column":108},"end":{"line":86,"column":null}},"line":72},"7":{"name":"(anonymous_7)","decl":{"start":{"line":81,"column":18},"end":{"line":81,"column":26}},"loc":{"start":{"line":81,"column":31},"end":{"line":81,"column":null}},"line":81},"8":{"name":"strapiGet","decl":{"start":{"line":89,"column":22},"end":{"line":89,"column":null}},"loc":{"start":{"line":92,"column":14},"end":{"line":104,"column":null}},"line":92},"9":{"name":"strapiPost","decl":{"start":{"line":107,"column":22},"end":{"line":107,"column":36}},"loc":{"start":{"line":107,"column":77},"end":{"line":117,"column":null}},"line":107},"10":{"name":"strapiPut","decl":{"start":{"line":120,"column":22},"end":{"line":120,"column":35}},"loc":{"start":{"line":120,"column":76},"end":{"line":130,"column":null}},"line":120},"11":{"name":"strapiDelete","decl":{"start":{"line":133,"column":22},"end":{"line":133,"column":38}},"loc":{"start":{"line":133,"column":64},"end":{"line":142,"column":null}},"line":133},"12":{"name":"strapiPutRaw","decl":{"start":{"line":146,"column":22},"end":{"line":146,"column":38}},"loc":{"start":{"line":146,"column":79},"end":{"line":155,"column":null}},"line":146}},"branchMap":{"0":{"loc":{"start":{"line":12,"column":2},"end":{"line":12,"column":null}},"type":"if","locations":[{"start":{"line":12,"column":2},"end":{"line":12,"column":null}},{"start":{},"end":{}}],"line":12},"1":{"loc":{"start":{"line":12,"column":6},"end":{"line":12,"column":46}},"type":"binary-expr","locations":[{"start":{"line":12,"column":6},"end":{"line":12,"column":27}},{"start":{"line":12,"column":27},"end":{"line":12,"column":46}}],"line":12},"2":{"loc":{"start":{"line":14,"column":2},"end":{"line":16,"column":null}},"type":"if","locations":[{"start":{"line":14,"column":2},"end":{"line":16,"column":null}},{"start":{},"end":{}}],"line":14},"3":{"loc":{"start":{"line":14,"column":6},"end":{"line":14,"column":36}},"type":"binary-expr","locations":[{"start":{"line":14,"column":6},"end":{"line":14,"column":19}},{"start":{"line":14,"column":23},"end":{"line":14,"column":36}}],"line":14},"4":{"loc":{"start":{"line":31,"column":2},"end":{"line":31,"column":null}},"type":"if","locations":[{"start":{"line":31,"column":2},"end":{"line":31,"column":null}},{"start":{},"end":{}}],"line":31},"5":{"loc":{"start":{"line":31,"column":6},"end":{"line":31,"column":56}},"type":"binary-expr","locations":[{"start":{"line":31,"column":6},"end":{"line":31,"column":26}},{"start":{"line":31,"column":26},"end":{"line":31,"column":56}}],"line":31},"6":{"loc":{"start":{"line":36,"column":2},"end":{"line":36,"column":null}},"type":"if","locations":[{"start":{"line":36,"column":2},"end":{"line":36,"column":null}},{"start":{},"end":{}}],"line":36},"7":{"loc":{"start":{"line":38,"column":2},"end":{"line":51,"column":null}},"type":"if","locations":[{"start":{"line":38,"column":2},"end":{"line":51,"column":null}},{"start":{"line":49,"column":13},"end":{"line":51,"column":null}}],"line":38},"8":{"loc":{"start":{"line":40,"column":6},"end":{"line":45,"column":null}},"type":"if","locations":[{"start":{"line":40,"column":6},"end":{"line":45,"column":null}},{"start":{},"end":{}}],"line":40},"9":{"loc":{"start":{"line":40,"column":10},"end":{"line":40,"column":77}},"type":"binary-expr","locations":[{"start":{"line":40,"column":10},"end":{"line":40,"column":38}},{"start":{"line":40,"column":38},"end":{"line":40,"column":55}},{"start":{"line":40,"column":55},"end":{"line":40,"column":77}}],"line":40},"10":{"loc":{"start":{"line":49,"column":13},"end":{"line":51,"column":null}},"type":"if","locations":[{"start":{"line":49,"column":13},"end":{"line":51,"column":null}},{"start":{},"end":{}}],"line":49},"11":{"loc":{"start":{"line":49,"column":13},"end":{"line":49,"column":63}},"type":"binary-expr","locations":[{"start":{"line":49,"column":13},"end":{"line":49,"column":41}},{"start":{"line":49,"column":41},"end":{"line":49,"column":63}}],"line":49},"12":{"loc":{"start":{"line":64,"column":45},"end":{"line":64,"column":70}},"type":"default-arg","locations":[{"start":{"line":64,"column":68},"end":{"line":64,"column":70}}],"line":64},"13":{"loc":{"start":{"line":64,"column":72},"end":{"line":64,"column":110}},"type":"default-arg","locations":[{"start":{"line":64,"column":82},"end":{"line":64,"column":110}}],"line":64},"14":{"loc":{"start":{"line":72,"column":43},"end":{"line":72,"column":68}},"type":"default-arg","locations":[{"start":{"line":72,"column":66},"end":{"line":72,"column":68}}],"line":72},"15":{"loc":{"start":{"line":72,"column":70},"end":{"line":72,"column":108}},"type":"default-arg","locations":[{"start":{"line":72,"column":80},"end":{"line":72,"column":108}}],"line":72},"16":{"loc":{"start":{"line":79,"column":6},"end":{"line":82,"column":null}},"type":"if","locations":[{"start":{"line":79,"column":6},"end":{"line":82,"column":null}},{"start":{},"end":{}}],"line":79},"17":{"loc":{"start":{"line":94,"column":2},"end":{"line":96,"column":null}},"type":"if","locations":[{"start":{"line":94,"column":2},"end":{"line":96,"column":null}},{"start":{},"end":{}}],"line":94},"18":{"loc":{"start":{"line":100,"column":2},"end":{"line":101,"column":null}},"type":"if","locations":[{"start":{"line":100,"column":2},"end":{"line":101,"column":null}},{"start":{},"end":{}}],"line":100},"19":{"loc":{"start":{"line":113,"column":2},"end":{"line":114,"column":null}},"type":"if","locations":[{"start":{"line":113,"column":2},"end":{"line":114,"column":null}},{"start":{},"end":{}}],"line":113},"20":{"loc":{"start":{"line":126,"column":2},"end":{"line":127,"column":null}},"type":"if","locations":[{"start":{"line":126,"column":2},"end":{"line":127,"column":null}},{"start":{},"end":{}}],"line":126},"21":{"loc":{"start":{"line":138,"column":2},"end":{"line":139,"column":null}},"type":"if","locations":[{"start":{"line":138,"column":2},"end":{"line":139,"column":null}},{"start":{},"end":{}}],"line":138},"22":{"loc":{"start":{"line":152,"column":2},"end":{"line":153,"column":null}},"type":"if","locations":[{"start":{"line":152,"column":2},"end":{"line":153,"column":null}},{"start":{},"end":{}}],"line":152}},"s":{"0":1,"1":1,"2":1,"3":2,"4":2,"5":2,"6":0,"7":0,"8":0,"9":0,"10":0,"11":1,"12":1,"13":1,"14":1,"15":40,"16":0,"17":40,"18":40,"19":40,"20":0,"21":40,"22":29,"23":13,"24":0,"25":0,"26":13,"27":11,"28":0,"29":0,"30":40,"31":42,"32":42,"33":42,"34":0,"35":42,"36":42,"37":42,"38":42,"39":42,"40":42,"41":42,"42":0,"43":0,"44":0,"45":0,"46":0,"47":0,"48":0,"49":30,"50":30,"51":30,"52":90,"53":30,"54":30,"55":1,"56":29,"57":29,"58":12,"59":12,"60":1,"61":11,"62":11,"63":0,"64":0,"65":0,"66":0,"67":0,"68":0,"69":0,"70":0,"71":0,"72":0,"73":0,"74":0,"75":0,"76":0},"f":{"0":2,"1":40,"2":13,"3":42,"4":42,"5":0,"6":42,"7":0,"8":30,"9":12,"10":0,"11":0,"12":0},"b":{"0":[2,0],"1":[2,0],"2":[0,0],"3":[0,0],"4":[0,40],"5":[40,40],"6":[0,40],"7":[29,11],"8":[0,13],"9":[13,13,13],"10":[0,11],"11":[11,11],"12":[42],"13":[42],"14":[42],"15":[42],"16":[0,0],"17":[30,0],"18":[1,29],"19":[1,11],"20":[0,0],"21":[0,0],"22":[0,0]},"meta":{"lastBranch":23,"lastFunction":13,"lastStatement":77,"seen":{"s:4:6:4:43":0,"s:6:19:6:Infinity":1,"s:7:25:7:Infinity":2,"f:9:9:9:25":0,"s:11:14:11:Infinity":3,"b:12:2:12:Infinity:undefined:undefined:undefined:undefined":0,"s:12:2:12:Infinity":4,"b:12:6:12:27:12:27:12:46":1,"s:12:46:12:Infinity":5,"s:13:17:13:34":6,"b:14:2:16:Infinity:undefined:undefined:undefined:undefined":2,"s:14:2:16:Infinity":7,"b:14:6:14:19:14:23:14:36":3,"s:15:4:15:Infinity":8,"s:16:4:16:Infinity":9,"s:18:2:18:Infinity":10,"s:21:16:21:55":11,"s:22:22:22:68":12,"s:23:20:23:Infinity":13,"s:24:19:24:Infinity":14,"f:30:9:30:22":1,"b:31:2:31:Infinity:undefined:undefined:undefined:undefined":4,"s:31:2:31:Infinity":15,"b:31:6:31:26:31:26:31:56":5,"s:31:56:31:Infinity":16,"s:33:14:33:Infinity":17,"s:34:15:34:Infinity":18,"b:36:2:36:Infinity:undefined:undefined:undefined:undefined":6,"s:36:2:36:Infinity":19,"s:36:20:36:Infinity":20,"b:38:2:51:Infinity:49:13:51:Infinity":7,"s:38:2:51:Infinity":21,"s:39:4:48:Infinity":22,"f:39:23:39:28":2,"b:40:6:45:Infinity:undefined:undefined:undefined:undefined":8,"s:40:6:45:Infinity":23,"b:40:10:40:38:40:38:40:55:40:55:40:77":9,"s:41:22:41:Infinity":24,"s:42:8:45:Infinity":25,"s:47:6:47:Infinity":26,"b:49:13:51:Infinity:undefined:undefined:undefined:undefined":10,"s:49:13:51:Infinity":27,"b:49:13:49:41:49:41:49:63":11,"s:50:18:50:Infinity":28,"s:51:4:51:Infinity":29,"s:54:2:54:Infinity":30,"f:57:9:57:48":3,"s:58:2:61:Infinity":31,"f:64:15:64:32":4,"b:64:68:64:70":12,"b:64:82:64:110":13,"s:65:21:65:42":32,"s:66:13:66:63":33,"f:66:13:66:30":5,"s:66:32:66:55":34,"s:67:19:67:78":35,"s:68:2:68:Infinity":36,"s:69:2:69:Infinity":37,"f:72:15:72:30":6,"b:72:66:72:68":14,"b:72:80:72:108":15,"s:74:2:82:Infinity":38,"s:74:21:74:24":39,"s:75:4:82:Infinity":40,"s:76:6:76:Infinity":41,"s:78:6:78:Infinity":42,"b:79:6:82:Infinity:undefined:undefined:undefined:undefined":16,"s:79:6:82:Infinity":43,"s:80:22:80:55":44,"s:81:8:81:Infinity":45,"f:81:18:81:26":7,"s:81:33:81:57":46,"s:82:8:82:Infinity":47,"s:86:2:86:Infinity":48,"f:89:22:89:Infinity":8,"s:93:14:93:49":49,"b:94:2:96:Infinity:undefined:undefined:undefined:undefined":17,"s:94:2:96:Infinity":50,"s:95:4:96:Infinity":51,"s:96:6:96:Infinity":52,"s:99:14:99:88":53,"b:100:2:101:Infinity:undefined:undefined:undefined:undefined":18,"s:100:2:101:Infinity":54,"s:101:4:101:Infinity":55,"s:103:16:103:32":56,"s:104:2:104:Infinity":57,"f:107:22:107:36":9,"s:108:14:112:19":58,"b:113:2:114:Infinity:undefined:undefined:undefined:undefined":19,"s:113:2:114:Infinity":59,"s:114:4:114:Infinity":60,"s:116:16:116:32":61,"s:117:2:117:Infinity":62,"f:120:22:120:35":10,"s:121:14:125:19":63,"b:126:2:127:Infinity:undefined:undefined:undefined:undefined":20,"s:126:2:127:Infinity":64,"s:127:4:127:Infinity":65,"s:129:16:129:32":66,"s:130:2:130:Infinity":67,"f:133:22:133:38":11,"s:134:14:137:19":68,"b:138:2:139:Infinity:undefined:undefined:undefined:undefined":21,"s:138:2:139:Infinity":69,"s:139:4:139:Infinity":70,"s:141:16:141:32":71,"s:142:2:142:Infinity":72,"f:146:22:146:38":12,"s:147:14:151:19":73,"b:152:2:153:Infinity:undefined:undefined:undefined:undefined":22,"s:152:2:153:Infinity":74,"s:153:4:153:Infinity":75,"s:155:2:155:Infinity":76}}}
}
